2018/01/26 11:51:40  [Thread 1]  Schedule Job SMS Merge Start!
2018/01/26 11:51:40  [Thread 1]  Scanning folder...
2018/01/26 11:51:40  [Thread 1]  Log Sms File [1]...
2018/01/26 11:51:40  [Thread 1]  >Log Sms File [1]...
2018/01/26 11:51:40  [Thread 11]  cmd /c copy Y:\Richard\javaWorkSpace_2\MergeSms\workbench\10_544210_1_4917178_715000020_-2.txt.STA-C2 D:\Richard\EComm\backup
2018/01/26 11:51:40  [Thread 1]  Log Sms File [2]...
2018/01/26 11:51:40  [Thread 1]  >Log Sms File [2]...
2018/01/26 11:51:40  [Thread 1]  Log Sms File [3]...
2018/01/26 11:51:40  [Thread 1]  >Log Sms File [3]...
2018/01/26 11:51:40  [Thread 1]  Log Sms File [4]...
2018/01/26 11:51:40  [Thread 1]  >Log Sms File [4]...
2018/01/26 11:51:40  [Thread 1]  Log Sms File [5]...
2018/01/26 11:51:40  [Thread 1]  >Log Sms File [5]...
2018/01/26 11:51:40  [Thread 1]  Log Sms File [6]...
2018/01/26 11:51:40  [Thread 1]  >Log Sms File [6]...
2018/01/26 11:51:40  [Thread 1]  Log Sms File [7]...
2018/01/26 11:51:40  [Thread 1]  >Log Sms File [7]...
2018/01/26 11:51:40  [Thread 1]  Log Sms File [8]...
2018/01/26 11:51:40  [Thread 1]  >Log Sms File [8]...
2018/01/26 11:51:40  [Thread 1]  Log Sms File [9]...
2018/01/26 11:51:40  [Thread 1]  >Log Sms File [9]...
2018/01/26 11:51:40  [Thread 1]  Log Sms File [10]...
2018/01/26 11:51:40  [Thread 1]  >Log Sms File [10]...
2018/01/26 11:51:40  [Thread 1]  Log Sms File [11]...
2018/01/26 11:51:40  [Thread 1]  >Log Sms File [11]...
2018/01/26 11:51:40  [Thread 1]  Log Sms File [12]...
2018/01/26 11:51:40  [Thread 1]  >Log Sms File [12]...
2018/01/26 11:51:40  [Thread 1]  Log Sms File [13]...
2018/01/26 11:51:40  [Thread 1]  >Log Sms File [13]...
2018/01/26 11:51:40  [Thread 1]  Log Sms File [14]...
2018/01/26 11:51:40  [Thread 1]  >Log Sms File [14]...
2018/01/26 11:51:40  [Thread 1]  Log Sms File [15]...
2018/01/26 11:51:40  [Thread 1]  >Log Sms File [15]...
2018/01/26 11:51:40  [Thread 1]  STA Y:\Richard\javaWorkSpace_2\MergeSms_V4\workbench\output/2018-01-26-11.51.40/2018-01-26-11.51.40_STA_1.txt 15 open
2018/01/26 11:51:40  [Thread 1]  Zip-->Start
2018/01/26 11:51:40  [Thread 1]  Directory:2018-01-26-11.51.40|zip record:/
2018/01/26 11:51:40  [Thread 1]  File Name:2018-01-26-11.51.40_STA_1.txt|zip record:/2018-01-26-11.51.40_STA_1.txt
2018/01/26 11:51:40  [Thread 1]  Zip-->Start2018-01-26-11.51.40_STA_1.txt
2018/01/26 11:51:40  [Thread 1]  Zip-->End2018-01-26-11.51.40_STA_1.txt
2018/01/26 11:51:40  [Thread 1]  Zip-->End
2018/01/26 11:51:40  [Thread 1]  Sending Email...
2018/01/26 11:51:40  [Thread 11]  cmd /c del Y:\Richard\javaWorkSpace_2\MergeSms\workbench\10_544210_1_4917178_715000020_-2.txt.STA-C2
2018/01/26 11:51:41  [Thread 11]  cmd /c copy Y:\Richard\javaWorkSpace_2\MergeSms\workbench\10_544210_1_4917178_715000020_-2.xml D:\Richard\EComm\backup
2018/01/26 11:51:41  [Thread 11]  cmd /c del Y:\Richard\javaWorkSpace_2\MergeSms\workbench\10_544210_1_4917178_715000020_-2.xml
2018/01/26 11:51:41  [Thread 11]  cmd /c copy Y:\Richard\javaWorkSpace_2\MergeSms\workbench\11_544210_1_4917178_715000020_-2.txt.STA-C2 D:\Richard\EComm\backup
2018/01/26 11:51:42  [Thread 11]  cmd /c del Y:\Richard\javaWorkSpace_2\MergeSms\workbench\11_544210_1_4917178_715000020_-2.txt.STA-C2
2018/01/26 11:51:42  [Thread 11]  cmd /c copy Y:\Richard\javaWorkSpace_2\MergeSms\workbench\11_544210_1_4917178_715000020_-2.xml D:\Richard\EComm\backup
2018/01/26 11:51:42  [Thread 11]  cmd /c del Y:\Richard\javaWorkSpace_2\MergeSms\workbench\11_544210_1_4917178_715000020_-2.xml
2018/01/26 11:51:42  [Thread 11]  cmd /c copy Y:\Richard\javaWorkSpace_2\MergeSms\workbench\12_544210_1_4917178_715000020_-2.txt.STA-C2 D:\Richard\EComm\backup
2018/01/26 11:51:42  [Thread 1]  Send Email failed!
2018/01/26 11:51:42  [Thread 1]  Backuping remaining files...
2018/01/26 11:51:42  [Thread 11]  cmd /c del Y:\Richard\javaWorkSpace_2\MergeSms\workbench\12_544210_1_4917178_715000020_-2.txt.STA-C2
2018/01/26 11:51:42  [Thread 11]  cmd /c copy Y:\Richard\javaWorkSpace_2\MergeSms\workbench\12_544210_1_4917178_715000020_-2.xml D:\Richard\EComm\backup
2018/01/26 11:51:42  [Thread 11]  cmd /c del Y:\Richard\javaWorkSpace_2\MergeSms\workbench\12_544210_1_4917178_715000020_-2.xml
2018/01/26 11:51:42  [Thread 11]  cmd /c copy Y:\Richard\javaWorkSpace_2\MergeSms\workbench\13_544210_1_4917178_715000020_-2.txt.STA-C2 D:\Richard\EComm\backup
2018/01/26 11:51:42  [Thread 11]  cmd /c del Y:\Richard\javaWorkSpace_2\MergeSms\workbench\13_544210_1_4917178_715000020_-2.txt.STA-C2
2018/01/26 11:51:42  [Thread 11]  cmd /c copy Y:\Richard\javaWorkSpace_2\MergeSms\workbench\13_544210_1_4917178_715000020_-2.xml D:\Richard\EComm\backup
2018/01/26 11:51:43  [Thread 11]  cmd /c del Y:\Richard\javaWorkSpace_2\MergeSms\workbench\13_544210_1_4917178_715000020_-2.xml
2018/01/26 11:51:43  [Thread 11]  cmd /c copy Y:\Richard\javaWorkSpace_2\MergeSms\workbench\14_544210_1_4917178_715000020_-2.txt.STA-C2 D:\Richard\EComm\backup
2018/01/26 11:53:05  [Thread 1]  Read :  20180116172903AXAOP00100007+13592887074    20180116C【AXA安盛】:您的保單504-xxxx125週年報告已備妥。<br/>如已登記MyAXA，請登入AXA安盛網站查閱電子通知書。<br/>如已選取列印本，您將於15天內收到有關通知書。<br/>如有查詢，請聯絡您的中介人或致電客戶服務熱線2802 2812。
2018/01/26 11:53:05  [Thread 1]  write :  20180126172903AXAOP00100007+13592887074    20180126C【AXA安盛】:您的保單504-xxxx125週年報告已備妥。<br/>如已登記MyAXA，請登入AXA安盛網站查閱電子通知書。<br/>如已選取列印本，您將於15天內收到有關通知書。<br/>如有查詢，請聯絡您的中介人或致電客戶服務熱線2802 2812。

2018/01/26 11:53:09  [Thread 1]  Read :  20180116172803AXAOP00102167+13592887074    20180116C【AXA安盛】:您的保單588-xxxx260續保保費及徵費於12月15日到期。請繳交港元388.53。<br/>如已登記MyAXA，請登入AXA安盛網站查閱自動轉賬拒付通知書。<br/>如已選取列印本，您將於15天內收到有關通知書。<br/>如有查詢，請聯絡您的中介人或致電客戶服務熱線2802 2812。
2018/01/26 11:53:09  [Thread 1]  write :  20180126172803AXAOP00102167+13592887074    20180126C【AXA安盛】:您的保單588-xxxx260續保保費及徵費於12月15日到期。請繳交港元388.53。<br/>如已登記MyAXA，請登入AXA安盛網站查閱自動轉賬拒付通知書。<br/>如已選取列印本，您將於15天內收到有關通知書。<br/>如有查詢，請聯絡您的中介人或致電客戶服務熱線2802 2812。

2018/01/26 11:53:10  [Thread 1]  Read :  20180116172903AXAOP00100007+13592887074    20180116C【AXA安盛】:您的保單504-xxxx125週年報告已備妥。<br/>如已登記MyAXA，請登入AXA安盛網站查閱電子通知書。<br/>如已選取列印本，您將於15天內收到有關通知書。<br/>如有查詢，請聯絡您的中介人或致電客戶服務熱線2802 2812。
2018/01/26 11:53:10  [Thread 1]  write :  20180126172903AXAOP00100007+13592887074    20180126C【AXA安盛】:您的保單504-xxxx125週年報告已備妥。<br/>如已登記MyAXA，請登入AXA安盛網站查閱電子通知書。<br/>如已選取列印本，您將於15天內收到有關通知書。<br/>如有查詢，請聯絡您的中介人或致電客戶服務熱線2802 2812。

2018/01/26 11:53:12  [Thread 1]  Read :  20180116172803AXAOP00100100+13592887074    20180116E[AXA]: Your Policy P389xxxx-02 Premium and Levy HKD3780.51 will be due on 17/01.<br/>If you registered MyAXA login, Premium Notice is available in AXA website.<br/>If you opted for printed version, you will receive communication within 15 days.<br/>Any enquiries, please contact your intermediary or AXA at 2802 2812.<br/>Please ignore if paid
2018/01/26 11:53:12  [Thread 1]  write :  20180126172803AXAOP00100100+13592887074    20180126E[AXA]: Your Policy P389xxxx-02 Premium and Levy HKD3780.51 will be due on 17/01.<br/>If you registered MyAXA login, Premium Notice is available in AXA website.<br/>If you opted for printed version, you will receive communication within 15 days.<br/>Any enquiries, please contact your intermediary or AXA at 2802 2812.<br/>Please ignore if paid

2018/01/26 11:53:13  [Thread 1]  Read :  20180116172803AXAOP00100100+13592887074    20180116E[AXA]: Your Policy P389xxxx-02 Premium and Levy HKD3780.51 will be due on 17/01.<br/>If you registered MyAXA login, Premium Notice is available in AXA website.<br/>If you opted for printed version, you will receive communication within 15 days.<br/>Any enquiries, please contact your intermediary or AXA at 2802 2812.<br/>Please ignore if paid
2018/01/26 11:53:13  [Thread 1]  write :  20180126172803AXAOP00100100+13592887074    20180126E[AXA]: Your Policy P389xxxx-02 Premium and Levy HKD3780.51 will be due on 17/01.<br/>If you registered MyAXA login, Premium Notice is available in AXA website.<br/>If you opted for printed version, you will receive communication within 15 days.<br/>Any enquiries, please contact your intermediary or AXA at 2802 2812.<br/>Please ignore if paid

2018/01/26 11:53:14  [Thread 1]  Read :  20180116172803AXAOP00100100+13592887074    20180116E[AXA]: Your Policy P389xxxx-02 Premium and Levy HKD3780.51 will be due on 17/01.<br/>If you registered MyAXA login, Premium Notice is available in AXA website.<br/>If you opted for printed version, you will receive communication within 15 days.<br/>Any enquiries, please contact your intermediary or AXA at 2802 2812.<br/>Please ignore if paid
2018/01/26 11:53:14  [Thread 1]  write :  20180126172803AXAOP00100100+13592887074    20180126E[AXA]: Your Policy P389xxxx-02 Premium and Levy HKD3780.51 will be due on 17/01.<br/>If you registered MyAXA login, Premium Notice is available in AXA website.<br/>If you opted for printed version, you will receive communication within 15 days.<br/>Any enquiries, please contact your intermediary or AXA at 2802 2812.<br/>Please ignore if paid

2018/01/26 12:24:02  [Thread 1]  Read :  20180116172903AXAOP00100007+13592887074    20180116C【AXA安盛】:您的保單504-xxxx125週年報告已備妥。<br/>如已登記MyAXA，請登入AXA安盛網站查閱電子通知書。<br/>如已選取列印本，您將於15天內收到有關通知書。<br/>如有查詢，請聯絡您的中介人或致電客戶服務熱線2802 2812。
2018/01/26 12:24:02  [Thread 1]  write :  20180126172903AXAOP00100007+13592887074    20180126C【AXA安盛】:您的保單504-xxxx125週年報告已備妥。<br/>如已登記MyAXA，請登入AXA安盛網站查閱電子通知書。<br/>如已選取列印本，您將於15天內收到有關通知書。<br/>如有查詢，請聯絡您的中介人或致電客戶服務熱線2802 2812。

2018/01/26 12:24:02  [Thread 1]  Read :  20180116172803AXAOP00102167+13592887074    20180116C【AXA安盛】:您的保單588-xxxx260續保保費及徵費於12月15日到期。請繳交港元388.53。<br/>如已登記MyAXA，請登入AXA安盛網站查閱自動轉賬拒付通知書。<br/>如已選取列印本，您將於15天內收到有關通知書。<br/>如有查詢，請聯絡您的中介人或致電客戶服務熱線2802 2812。
2018/01/26 12:24:02  [Thread 1]  write :  20180126172803AXAOP00102167+13592887074    20180126C【AXA安盛】:您的保單588-xxxx260續保保費及徵費於12月15日到期。請繳交港元388.53。<br/>如已登記MyAXA，請登入AXA安盛網站查閱自動轉賬拒付通知書。<br/>如已選取列印本，您將於15天內收到有關通知書。<br/>如有查詢，請聯絡您的中介人或致電客戶服務熱線2802 2812。

2018/01/26 12:24:02  [Thread 1]  Read :  20180116172903AXAOP00100007+13592887074    20180116C【AXA安盛】:您的保單504-xxxx125週年報告已備妥。<br/>如已登記MyAXA，請登入AXA安盛網站查閱電子通知書。<br/>如已選取列印本，您將於15天內收到有關通知書。<br/>如有查詢，請聯絡您的中介人或致電客戶服務熱線2802 2812。
2018/01/26 12:24:02  [Thread 1]  write :  20180126172903AXAOP00100007+13592887074    20180126C【AXA安盛】:您的保單504-xxxx125週年報告已備妥。<br/>如已登記MyAXA，請登入AXA安盛網站查閱電子通知書。<br/>如已選取列印本，您將於15天內收到有關通知書。<br/>如有查詢，請聯絡您的中介人或致電客戶服務熱線2802 2812。

2018/01/26 12:24:02  [Thread 1]  Read :  20180116172803AXAOP00100100+13592887074    20180116E[AXA]: Your Policy P389xxxx-02 Premium and Levy HKD3780.51 will be due on 17/01.<br/>If you registered MyAXA login, Premium Notice is available in AXA website.<br/>If you opted for printed version, you will receive communication within 15 days.<br/>Any enquiries, please contact your intermediary or AXA at 2802 2812.<br/>Please ignore if paid
2018/01/26 12:24:02  [Thread 1]  write :  20180126172803AXAOP00100100+13592887074    20180126E[AXA]: Your Policy P389xxxx-02 Premium and Levy HKD3780.51 will be due on 17/01.<br/>If you registered MyAXA login, Premium Notice is available in AXA website.<br/>If you opted for printed version, you will receive communication within 15 days.<br/>Any enquiries, please contact your intermediary or AXA at 2802 2812.<br/>Please ignore if paid

2018/01/26 12:24:02  [Thread 1]  Read :  20180116172803AXAOP00100100+13592887074    20180116E[AXA]: Your Policy P389xxxx-02 Premium and Levy HKD3780.51 will be due on 17/01.<br/>If you registered MyAXA login, Premium Notice is available in AXA website.<br/>If you opted for printed version, you will receive communication within 15 days.<br/>Any enquiries, please contact your intermediary or AXA at 2802 2812.<br/>Please ignore if paid
2018/01/26 12:24:02  [Thread 1]  write :  20180126172803AXAOP00100100+13592887074    20180126E[AXA]: Your Policy P389xxxx-02 Premium and Levy HKD3780.51 will be due on 17/01.<br/>If you registered MyAXA login, Premium Notice is available in AXA website.<br/>If you opted for printed version, you will receive communication within 15 days.<br/>Any enquiries, please contact your intermediary or AXA at 2802 2812.<br/>Please ignore if paid

2018/01/26 12:24:02  [Thread 1]  Read :  20180116172803AXAOP00100100+13592887074    20180116E[AXA]: Your Policy P389xxxx-02 Premium and Levy HKD3780.51 will be due on 17/01.<br/>If you registered MyAXA login, Premium Notice is available in AXA website.<br/>If you opted for printed version, you will receive communication within 15 days.<br/>Any enquiries, please contact your intermediary or AXA at 2802 2812.<br/>Please ignore if paid
2018/01/26 12:24:02  [Thread 1]  write :  20180126172803AXAOP00100100+13592887074    20180126E[AXA]: Your Policy P389xxxx-02 Premium and Levy HKD3780.51 will be due on 17/01.<br/>If you registered MyAXA login, Premium Notice is available in AXA website.<br/>If you opted for printed version, you will receive communication within 15 days.<br/>Any enquiries, please contact your intermediary or AXA at 2802 2812.<br/>Please ignore if paid

2018/01/26 15:31:49  [Thread 1]  Schedule Job SMS Merge Start!
2018/01/26 15:31:49  [Thread 1]  Scanning folder...
2018/01/26 15:31:49  [Thread 1]  Read :  20180116172903AXAOP00100007+13592887074    20180116C【AXA安盛】:您的保單504-xxxx125週年報告已備妥。<br/>如已登記MyAXA，請登入AXA安盛網站查閱電子通知書。<br/>如已選取列印本，您將於15天內收到有關通知書。<br/>如有查詢，請聯絡您的中介人或致電客戶服務熱線2802 2812。
2018/01/26 15:31:49  [Thread 1]  write :  20180126172903AXAOP00100007+13592887074    20180126C【AXA安盛】:您的保單504-xxxx125週年報告已備妥。<br/>如已登記MyAXA，請登入AXA安盛網站查閱電子通知書。<br/>如已選取列印本，您將於15天內收到有關通知書。<br/>如有查詢，請聯絡您的中介人或致電客戶服務熱線2802 2812。

2018/01/26 15:31:49  [Thread 1]  Log Sms File [1]...
2018/01/26 15:31:49  [Thread 1]  >Log Sms File [1]...
2018/01/26 15:31:49  [Thread 1]  Read :  20180116172903AXAOP00100007+13592887074    20180116C【AXA安盛】:您的保單504-xxxx125週年報告已備妥。<br/>如已登記MyAXA，請登入AXA安盛網站查閱電子通知書。<br/>如已選取列印本，您將於15天內收到有關通知書。<br/>如有查詢，請聯絡您的中介人或致電客戶服務熱線2802 2812。
2018/01/26 15:31:49  [Thread 1]  write :  20180126172903AXAOP00100007+13592887074    20180126C【AXA安盛】:您的保單504-xxxx125週年報告已備妥。<br/>如已登記MyAXA，請登入AXA安盛網站查閱電子通知書。<br/>如已選取列印本，您將於15天內收到有關通知書。<br/>如有查詢，請聯絡您的中介人或致電客戶服務熱線2802 2812。

2018/01/26 15:31:49  [Thread 1]  Log Sms File [2]...
2018/01/26 15:31:49  [Thread 1]  >Log Sms File [2]...
2018/01/26 15:31:49  [Thread 1]  Read :  20180116172903AXAOP00100007+13592887074    20180116C【AXA安盛】:您的保單504-xxxx125週年報告已備妥。<br/>如已登記MyAXA，請登入AXA安盛網站查閱電子通知書。<br/>如已選取列印本，您將於15天內收到有關通知書。<br/>如有查詢，請聯絡您的中介人或致電客戶服務熱線2802 2812。
2018/01/26 15:31:49  [Thread 1]  write :  20180126172903AXAOP00100007+13592887074    20180126C【AXA安盛】:您的保單504-xxxx125週年報告已備妥。<br/>如已登記MyAXA，請登入AXA安盛網站查閱電子通知書。<br/>如已選取列印本，您將於15天內收到有關通知書。<br/>如有查詢，請聯絡您的中介人或致電客戶服務熱線2802 2812。

2018/01/26 15:31:49  [Thread 1]  Log Sms File [3]...
2018/01/26 15:31:49  [Thread 1]  >Log Sms File [3]...
2018/01/26 15:31:49  [Thread 1]  Read :  20180116172903AXAOP00100007+13592887074    20180116C【AXA安盛】:您的保單504-xxxx125週年報告已備妥。<br/>如已登記MyAXA，請登入AXA安盛網站查閱電子通知書。<br/>如已選取列印本，您將於15天內收到有關通知書。<br/>如有查詢，請聯絡您的中介人或致電客戶服務熱線2802 2812。
2018/01/26 15:31:49  [Thread 1]  write :  20180126172903AXAOP00100007+13592887074    20180126C【AXA安盛】:您的保單504-xxxx125週年報告已備妥。<br/>如已登記MyAXA，請登入AXA安盛網站查閱電子通知書。<br/>如已選取列印本，您將於15天內收到有關通知書。<br/>如有查詢，請聯絡您的中介人或致電客戶服務熱線2802 2812。

2018/01/26 15:31:49  [Thread 1]  Log Sms File [4]...
2018/01/26 15:31:49  [Thread 1]  >Log Sms File [4]...
2018/01/26 15:31:49  [Thread 1]  Read :  20180116172903AXAOP00100007+13592887074    20180116C【AXA安盛】:您的保單504-xxxx125週年報告已備妥。<br/>如已登記MyAXA，請登入AXA安盛網站查閱電子通知書。<br/>如已選取列印本，您將於15天內收到有關通知書。<br/>如有查詢，請聯絡您的中介人或致電客戶服務熱線2802 2812。
2018/01/26 15:31:49  [Thread 1]  write :  20180126172903AXAOP00100007+13592887074    20180126C【AXA安盛】:您的保單504-xxxx125週年報告已備妥。<br/>如已登記MyAXA，請登入AXA安盛網站查閱電子通知書。<br/>如已選取列印本，您將於15天內收到有關通知書。<br/>如有查詢，請聯絡您的中介人或致電客戶服務熱線2802 2812。

2018/01/26 15:31:49  [Thread 1]  Log Sms File [5]...
2018/01/26 15:31:49  [Thread 1]  >Log Sms File [5]...
2018/01/26 15:31:49  [Thread 1]  Read :  20180116172903AXAOP00100007+13592887074    20180116C【AXA安盛】:您的保單504-xxxx125週年報告已備妥。<br/>如已登記MyAXA，請登入AXA安盛網站查閱電子通知書。<br/>如已選取列印本，您將於15天內收到有關通知書。<br/>如有查詢，請聯絡您的中介人或致電客戶服務熱線2802 2812。
2018/01/26 15:31:49  [Thread 1]  write :  20180126172903AXAOP00100007+13592887074    20180126C【AXA安盛】:您的保單504-xxxx125週年報告已備妥。<br/>如已登記MyAXA，請登入AXA安盛網站查閱電子通知書。<br/>如已選取列印本，您將於15天內收到有關通知書。<br/>如有查詢，請聯絡您的中介人或致電客戶服務熱線2802 2812。

2018/01/26 15:31:49  [Thread 1]  Log Sms File [6]...
2018/01/26 15:31:49  [Thread 1]  >Log Sms File [6]...
2018/01/26 15:31:49  [Thread 1]  Read :  20180116172903AXAOP00100007+13592887074    20180116C【AXA安盛】:您的保單504-xxxx125週年報告已備妥。<br/>如已登記MyAXA，請登入AXA安盛網站查閱電子通知書。<br/>如已選取列印本，您將於15天內收到有關通知書。<br/>如有查詢，請聯絡您的中介人或致電客戶服務熱線2802 2812。
2018/01/26 15:31:49  [Thread 1]  write :  20180126172903AXAOP00100007+13592887074    20180126C【AXA安盛】:您的保單504-xxxx125週年報告已備妥。<br/>如已登記MyAXA，請登入AXA安盛網站查閱電子通知書。<br/>如已選取列印本，您將於15天內收到有關通知書。<br/>如有查詢，請聯絡您的中介人或致電客戶服務熱線2802 2812。

2018/01/26 15:31:49  [Thread 1]  Log Sms File [7]...
2018/01/26 15:31:49  [Thread 1]  >Log Sms File [7]...
2018/01/26 15:31:49  [Thread 1]  Read :  20180116172903AXAOP00100007+13592887074    20180116C【AXA安盛】:您的保單504-xxxx125週年報告已備妥。<br/>如已登記MyAXA，請登入AXA安盛網站查閱電子通知書。<br/>如已選取列印本，您將於15天內收到有關通知書。<br/>如有查詢，請聯絡您的中介人或致電客戶服務熱線2802 2812。
2018/01/26 15:31:49  [Thread 1]  write :  20180126172903AXAOP00100007+13592887074    20180126C【AXA安盛】:您的保單504-xxxx125週年報告已備妥。<br/>如已登記MyAXA，請登入AXA安盛網站查閱電子通知書。<br/>如已選取列印本，您將於15天內收到有關通知書。<br/>如有查詢，請聯絡您的中介人或致電客戶服務熱線2802 2812。

2018/01/26 15:31:49  [Thread 1]  Log Sms File [8]...
2018/01/26 15:31:49  [Thread 1]  >Log Sms File [8]...
2018/01/26 15:31:49  [Thread 1]  Read :  20180116172903AXAOP00100007+13592887074    20180116C【AXA安盛】:您的保單504-xxxx125週年報告已備妥。<br/>如已登記MyAXA，請登入AXA安盛網站查閱電子通知書。<br/>如已選取列印本，您將於15天內收到有關通知書。<br/>如有查詢，請聯絡您的中介人或致電客戶服務熱線2802 2812。
2018/01/26 15:31:49  [Thread 1]  write :  20180126172903AXAOP00100007+13592887074    20180126C【AXA安盛】:您的保單504-xxxx125週年報告已備妥。<br/>如已登記MyAXA，請登入AXA安盛網站查閱電子通知書。<br/>如已選取列印本，您將於15天內收到有關通知書。<br/>如有查詢，請聯絡您的中介人或致電客戶服務熱線2802 2812。

2018/01/26 15:31:49  [Thread 1]  Log Sms File [9]...
2018/01/26 15:31:49  [Thread 1]  >Log Sms File [9]...
2018/01/26 15:31:49  [Thread 1]  Read :  20180116172903AXAOP00100007+13592887074    20180116C【AXA安盛】:您的保單504-xxxx125週年報告已備妥。<br/>如已登記MyAXA，請登入AXA安盛網站查閱電子通知書。<br/>如已選取列印本，您將於15天內收到有關通知書。<br/>如有查詢，請聯絡您的中介人或致電客戶服務熱線2802 2812。
2018/01/26 15:31:49  [Thread 1]  write :  20180126172903AXAOP00100007+13592887074    20180126C【AXA安盛】:您的保單504-xxxx125週年報告已備妥。<br/>如已登記MyAXA，請登入AXA安盛網站查閱電子通知書。<br/>如已選取列印本，您將於15天內收到有關通知書。<br/>如有查詢，請聯絡您的中介人或致電客戶服務熱線2802 2812。

2018/01/26 15:31:49  [Thread 1]  Log Sms File [10]...
2018/01/26 15:31:49  [Thread 1]  >Log Sms File [10]...
2018/01/26 15:31:49  [Thread 1]  Read :  20180116172903AXAOP00100007+13592887074    20180116C【AXA安盛】:您的保單504-xxxx125週年報告已備妥。<br/>如已登記MyAXA，請登入AXA安盛網站查閱電子通知書。<br/>如已選取列印本，您將於15天內收到有關通知書。<br/>如有查詢，請聯絡您的中介人或致電客戶服務熱線2802 2812。
2018/01/26 15:31:49  [Thread 1]  write :  20180126172903AXAOP00100007+13592887074    20180126C【AXA安盛】:您的保單504-xxxx125週年報告已備妥。<br/>如已登記MyAXA，請登入AXA安盛網站查閱電子通知書。<br/>如已選取列印本，您將於15天內收到有關通知書。<br/>如有查詢，請聯絡您的中介人或致電客戶服務熱線2802 2812。

2018/01/26 15:31:49  [Thread 1]  Log Sms File [11]...
2018/01/26 15:31:49  [Thread 1]  >Log Sms File [11]...
2018/01/26 15:31:49  [Thread 1]  Zip-->Start
2018/01/26 15:31:49  [Thread 1]  Directory:2018-01-26-15.31.49|zip record:/
2018/01/26 15:31:49  [Thread 1]  File Name:2018-01-26-15.31.49_STA_1.txt|zip record:/2018-01-26-15.31.49_STA_1.txt
2018/01/26 15:31:49  [Thread 1]  Zip-->Start2018-01-26-15.31.49_STA_1.txt
2018/01/26 15:31:49  [Thread 1]  Zip-->End2018-01-26-15.31.49_STA_1.txt
2018/01/26 15:31:49  [Thread 1]  Zip-->End
2018/01/26 15:31:49  [Thread 1]  Sending Email...
2018/01/26 15:31:50  [Thread 8]  cmd /c copy Y:\Richard\javaWorkSpace_2\MergeSms\workbench\14_544210_1_4917178_715000020_-2.txt.STA-C2 D:\Richard\EComm\backup
2018/01/26 15:31:50  [Thread 8]  cmd /c del Y:\Richard\javaWorkSpace_2\MergeSms\workbench\14_544210_1_4917178_715000020_-2.txt.STA-C2
2018/01/26 15:31:50  [Thread 8]  cmd /c copy Y:\Richard\javaWorkSpace_2\MergeSms\workbench\14_544210_1_4917178_715000020_-2.xml D:\Richard\EComm\backup
2018/01/26 15:31:51  [Thread 1]  Send Email failed!
2018/01/26 15:31:51  [Thread 1]  Backuping remaining files...
2018/01/26 15:31:51  [Thread 8]  cmd /c del Y:\Richard\javaWorkSpace_2\MergeSms\workbench\14_544210_1_4917178_715000020_-2.xml
